Reading space state file 'state'. OK!
  Resizing particle vector from 40 --> 162.
  Read 162 particle(s).
  Read 1 group(s).

 ................
  Atomic Species  
 ****************
  Number of species        3
  Parameter file           grand.json
  Species:
    UNK  Cl   Na   

 ...............................
  Simulation Space and Geometry  
 *******************************
  Boundary                 Spherical
  Volume                   2.14466e+06 Å³ = 2144.66 nm³ = 2.14466e-21 liters
  Radius                   80 Å
  Number of particles      162
  Electroneutrality        Yes 0
  System sanity check      Passed
  Groups:
    1     [0-161]          N/V = 7.55364e-05 Å⁻³ = 125.431 mM  Salt

 ............................................
  Energy: Nonbonded N² - Coulomb+Hardsphere  
 ********************************************
  Temperature              300 K
  Dielectric constant      80
  T∂ϵ/ϵ∂T                  -1.38
  Bjerrum length           6.9625 Å
  Hardsphere

  Macrostep 1    ETA: Mon Aug 26 23:40:44 2013
  Macrostep 2    ETA: Mon Aug 26 23:40:49 2013
  Macrostep 3    ETA: Mon Aug 26 23:40:47 2013
  Macrostep 4    ETA: Mon Aug 26 23:40:49 2013
  Macrostep 5    ETA: Mon Aug 26 23:40:48 2013
  Macrostep 6    ETA: Mon Aug 26 23:40:49 2013
  Macrostep 7    ETA: Mon Aug 26 23:40:48 2013
  Macrostep 8    ETA: Mon Aug 26 23:40:49 2013
  Macrostep 9    ETA: Mon Aug 26 23:40:48 2013
  Macrostep 10   ETA: Mon Aug 26 23:40:49 2013

 ...................
  MC Steps and Time  
 *******************
  Steps (macro micro tot)  10∙20000 = 200000
  Remaining steps          0

 .........................
  System Energy and Drift  
 *************************
  Average                  -31.7457 kT, σ=5.34483
  Initial energy           -42.854 kT
  Initial + changes        -29.5023 kT
  Total energy drift       1.137e-13 kT (-3.853e-13﹪)

 ..........................................
  Markov Move: Single Particle Translation  
 ******************************************
  Number of trials              151522
  Acceptance                    60.1173﹪
  Runfraction                   1﹪
  Total energy change           15.7776 kT
  Average moves/particle        977
  Displacement vector           1 1 1

  Individual particle movement:

           dp    Acc. ﹪     ⟨r²⟩/Å²     √⟨r²⟩/Å
    Cl     50    60.1        352         18.8        
    Na     50    60.1        352         18.8        

 ...................................
  Markov Move: Grand Canonical Salt  
 ***********************************
  Number of trials              99965
  Acceptance                    68.2469﹪
  Runfraction                   100﹪
  Total energy change           -2.42585 kT
  Number of GC species          

    Ion       activity  ⟨c/M⟩     ⟨ɣ±⟩      ⟨N⟩       
    Cl        0.05      0.059586  0.83912   76.958    
    Na        0.05      0.059586  0.83912   76.958    

 .........................................
  Analysis: Multi Particle Widom Analysis  
 *****************************************
  Reference:                    doi:10/dkv4s6
  Runfraction                   100﹪
  Number of sample events       200000
  Number of insertions          200000
  Excess chemical pot.          -0.186367 kT
  Mean activity coefficient     0.829969
  Ghost particles               Cl Na 

 .............................................................
  Analysis: Single particle Widom insertion w. charge scaling  
 *************************************************************
  Reference:                    doi:10/ft9bv9 + doi:10/dkv4s6
  Runfraction                   100﹪
  Number of sample events       200000
  Number of insertions          200000
  Excess chemical potentials (kT)
             total    elec.   hs             z        r
    [0]    -0.1942   -0.2126   0.01845     -1.00      2.00
    [1]    -0.1892   -0.2077   0.01845      1.00      2.00
